<?xml version="1.0" encoding="UTF-8"?>
<!-- Generated by org.testng.reporters.JUnitReportReporter -->
<testsuite hostname="DESKTOP-DFAO42P" failures="0" tests="1" name="Maven_Practice.Createtest1" time="0.010" errors="0" timestamp="2023-01-18T13:05:44 IST" skipped="0">
  <testcase classname="Maven_Practice.Createtest1" name="create" time="0.010"/>
  <system-out/>
</testsuite> <!-- Maven_Practice.Createtest1 -->
